<?xml version="1.0" encoding="UTF-8"?>
<!-- Generated by org.testng.reporters.JUnitReportReporter -->
<testsuite hostname="LAPTOP-RP7PCHJ7" failures="0" tests="1" name="testcases.RegistrationTest" time="0.015" errors="0" timestamp="2025-01-22T15:20:51 GMT-06:00" skipped="0">
  <testcase classname="testcases.RegistrationTest" name="register" time="0.015"/>
</testsuite> <!-- testcases.RegistrationTest -->
