<?xml version="1.0" encoding="UTF-8"?>
<!-- Generated by org.testng.reporters.JUnitReportReporter -->
<testsuite hostname="LAPTOP-RP7PCHJ7" failures="0" tests="1" name="testcases.LoginTest" time="0.693" errors="0" timestamp="2025-01-19T18:28:45 GMT-06:00" skipped="0">
  <testcase classname="testcases.LoginTest" name="login" time="0.693"/>
</testsuite> <!-- testcases.LoginTest -->
