<?xml version="1.0" encoding="UTF-8"?>
<!-- Generated by org.testng.reporters.JUnitReportReporter -->
<testsuite hostname="LAPTOP-RP7PCHJ7" failures="0" tests="1" name="exercises2.MagicbricksTest" time="8.325" errors="0" timestamp="2025-02-10T15:28:59 GMT-06:00" skipped="0">
  <testcase classname="exercises2.MagicbricksTest" name="RentClick" time="8.325"/>
</testsuite> <!-- exercises2.MagicbricksTest -->
