<?xml version="1.0" encoding="UTF-8"?>
<!-- Generated by org.testng.reporters.JUnitReportReporter -->
<testsuite hostname="LAPTOP-RP7PCHJ7" failures="0" tests="1" name="exercises3.WebTableTest" time="10.361" errors="0" timestamp="2025-02-11T15:18:24 GMT-06:00" skipped="0">
  <testcase classname="exercises3.WebTableTest" name="TestScrollPosts" time="10.361"/>
</testsuite> <!-- exercises3.WebTableTest -->
