<?xml version="1.0" encoding="UTF-8"?>
<!-- Generated by org.testng.reporters.JUnitReportReporter -->
<testsuite hostname="LAPTOP-RP7PCHJ7" failures="0" tests="1" name="exercises3.LinkedInPostTest" time="34.517" errors="0" timestamp="2025-02-10T18:18:41 GMT-06:00" skipped="0">
  <testcase classname="exercises3.LinkedInPostTest" name="TestScrollPosts" time="34.517"/>
</testsuite> <!-- exercises3.LinkedInPostTest -->
