<?xml version="1.0" encoding="UTF-8"?>
<!-- Generated by org.testng.reporters.JUnitReportReporter -->
<testsuite hostname="LAPTOP-RP7PCHJ7" failures="0" tests="1" name="exercises1.FacebookLoginTest" time="4.496" errors="0" timestamp="2025-02-03T16:09:58 GMT-06:00" skipped="0">
  <testcase classname="exercises1.FacebookLoginTest" name="LoginTest" time="4.496"/>
</testsuite> <!-- exercises1.FacebookLoginTest -->
