<?xml version="1.0" encoding="UTF-8"?>
<!-- Generated by org.testng.reporters.JUnitReportReporter -->
<testsuite hostname="LAPTOP-RP7PCHJ7" failures="0" tests="1" name="exercises2.GoogleTest" time="3.680" errors="0" timestamp="2025-02-04T17:50:36 GMT-06:00" skipped="0">
  <testcase classname="exercises2.GoogleTest" name="SearchTest" time="3.680"/>
</testsuite> <!-- exercises2.GoogleTest -->
