<?xml version="1.0" encoding="UTF-8"?>
<!-- Generated by org.testng.reporters.JUnitReportReporter -->
<testsuite hostname="LAPTOP-RP7PCHJ7" failures="0" tests="1" name="exercises3.JobserveTest" time="8.150" errors="0" timestamp="2025-02-10T16:40:59 GMT-06:00" skipped="0">
  <testcase classname="exercises3.JobserveTest" name="TestDropDown" time="8.150"/>
</testsuite> <!-- exercises3.JobserveTest -->
