<?xml version="1.0" encoding="UTF-8"?>
<!-- Generated by org.testng.reporters.JUnitReportReporter -->
<testsuite hostname="LAPTOP-RP7PCHJ7" failures="0" tests="1" name="exercises2.NullSkullTest" time="4.503" errors="0" timestamp="2025-02-03T19:47:37 GMT-06:00" skipped="0">
  <testcase classname="exercises2.NullSkullTest" name="AddTest" time="4.503"/>
</testsuite> <!-- exercises2.NullSkullTest -->
