<?xml version="1.0" encoding="UTF-8"?>
<!-- Generated by org.testng.reporters.JUnitReportReporter -->
<testsuite hostname="LAPTOP-RP7PCHJ7" failures="0" tests="2" name="exercises1.InstaLoginTest" time="10.507" errors="0" timestamp="2025-02-03T17:01:25 GMT-06:00" skipped="1">
  <testcase classname="exercises1.InstaLoginTest" name="AmericanCart" time="10.507"/>
  <testcase classname="exercises1.InstaLoginTest" name="LoginTest">
    <skipped/>
  </testcase> <!-- LoginTest -->
</testsuite> <!-- exercises1.InstaLoginTest -->
