<?xml version="1.0" encoding="UTF-8"?>
<!-- Generated by org.testng.reporters.JUnitReportReporter -->
<testsuite hostname="LAPTOP-RP7PCHJ7" failures="0" tests="1" name="testcases.LoginTest" time="4.750" errors="0" timestamp="2025-02-15T16:33:04 GMT-06:00" skipped="0">
  <testcase classname="testcases.LoginTest" name="loginTest" time="4.750"/>
</testsuite> <!-- testcases.LoginTest -->
