<?xml version="1.0" encoding="UTF-8"?>
<!-- Generated by org.testng.reporters.JUnitReportReporter -->
<testsuite hostname="LAPTOP-RP7PCHJ7" failures="0" tests="1" name="testcases.testCaseA1" time="5.745" errors="0" timestamp="2025-02-12T19:06:23 GMT-06:00" skipped="0">
  <testcase classname="testcases.testCaseA1" name="TestA1" time="5.745"/>
</testsuite> <!-- testcases.testCaseA1 -->
