<?xml version="1.0" encoding="UTF-8"?>
<!-- Generated by org.testng.reporters.JUnitReportReporter -->
<testsuite hostname="LAPTOP-RP7PCHJ7" failures="0" tests="1" name="testcases.testCaseA3" time="7.502" errors="0" timestamp="2025-02-12T19:06:23 GMT-06:00" skipped="0">
  <testcase classname="testcases.testCaseA3" name="TestA3" time="7.502"/>
</testsuite> <!-- testcases.testCaseA3 -->
