<?xml version="1.0" encoding="UTF-8"?>
<!-- Generated by org.testng.reporters.JUnitReportReporter -->
<testsuite hostname="LAPTOP-RP7PCHJ7" failures="0" tests="1" name="optionsandprofiling.ChromeProfilingAndOptions" time="5.400" errors="0" timestamp="2025-01-22T22:21:19 GMT-06:00" skipped="0">
  <testcase classname="optionsandprofiling.ChromeProfilingAndOptions" name="chrome" time="5.400"/>
</testsuite> <!-- optionsandprofiling.ChromeProfilingAndOptions -->
