<?xml version="1.0" encoding="UTF-8"?>
<!-- Generated by org.testng.reporters.JUnitReportReporter -->
<testsuite hostname="LAPTOP-RP7PCHJ7" failures="0" tests="1" name="browsers.SeleniumBasics" time="48.889" errors="0" timestamp="2025-01-22T21:25:42 GMT-06:00" skipped="0">
  <testcase classname="browsers.SeleniumBasics" name="testApp" time="48.889"/>
</testsuite> <!-- browsers.SeleniumBasics -->
