<?xml version="1.0" encoding="UTF-8"?>
<!-- Generated by org.testng.reporters.JUnitReportReporter -->
<testsuite hostname="LAPTOP-RP7PCHJ7" failures="0" tests="3" name="testcases.PassingValuesTest" time="0.003" errors="0" timestamp="2025-01-19T15:52:54 GMT-06:00" skipped="0">
  <testcase classname="testcases.PassingValuesTest" name="search" time="0.001"/>
  <testcase classname="testcases.PassingValuesTest" name="selectPhone" time="0.001"/>
  <testcase classname="testcases.PassingValuesTest" name="checkout" time="0.001"/>
</testsuite> <!-- testcases.PassingValuesTest -->
