<?xml version="1.0" encoding="UTF-8"?>
<!-- Generated by org.testng.reporters.JUnitReportReporter -->
<testsuite hostname="LAPTOP-RP7PCHJ7" failures="0" tests="6" name="testcases.ParameterizesTestcases" time="0.006" errors="0" timestamp="2025-01-19T15:52:54 GMT-06:00" skipped="0">
  <testcase classname="testcases.ParameterizesTestcases" name="create" time="0.001"/>
  <testcase classname="testcases.ParameterizesTestcases" name="create" time="0.002"/>
  <testcase classname="testcases.ParameterizesTestcases" name="create" time="0.000"/>
  <testcase classname="testcases.ParameterizesTestcases" name="delete" time="0.002"/>
  <testcase classname="testcases.ParameterizesTestcases" name="delete" time="0.001"/>
  <testcase classname="testcases.ParameterizesTestcases" name="delete" time="0.000"/>
</testsuite> <!-- testcases.ParameterizesTestcases -->
