<?xml version="1.0" encoding="UTF-8"?>
<!-- Generated by org.testng.reporters.JUnitReportReporter -->
<testsuite hostname="LAPTOP-RP7PCHJ7" failures="0" tests="2" name="testcases.LoginTest" time="0.007" errors="0" timestamp="2025-01-19T15:52:54 GMT-06:00" skipped="0">
  <testcase classname="testcases.LoginTest" name="doLogin" time="0.002"/>
  <testcase classname="testcases.LoginTest" name="checkUser" time="0.005"/>
</testsuite> <!-- testcases.LoginTest -->
